Samsung S24: 74999
Pixel 9a: 39999
Samsung S24: 74999
Pixel 9a: 39999
Samsung S24: 74999
Pixel 9a: 39999
Samsung S24: 74999
Pixel 9a: 39999
Samsung S24: 74999
Pixel 9a: 39999
Samsung S24: 74999
Pixel 9a: 39999
Samsung S24: 74999
Pixel 9a: 39999
Samsung S24: 74999
Pixel 9a: 39999
Samsung S24: 74999
Pixel 9a: 39999
Samsung S24: 74999
Pixel 9a: 39999
Samsung S24: 74999
Pixel 9a: 39999
Samsung S24: 74999
Pixel 9a: 39999
Samsung S24: 74999
Pixel 9a: 39999
Samsung S24: 74999
Pixel 9a: 39999
Samsung S24: 74999
Pixel 9a: 39999
Samsung S24: Price not found
Pixel 9a: Price not found
Samsung S24: 74999
Pixel 9a: 39999
Samsung S24: 74999
Pixel 9a: 39999
Samsung S24: 74999
Pixel 9a: 39999
Samsung S24: 74999
Pixel 9a: 39999
Samsung S24: 74999
Pixel 9a: 39999
Samsung S24: 74999
Pixel 9a: 39999
Samsung S24: Price not found
Pixel 9a: 39999
Samsung S24: 74999
Pixel 9a: 39999
Samsung S24: 74999
Pixel 9a: Price not found
Samsung S24: 74999
Pixel 9a: 39999
Samsung S24: 74999
Pixel 9a: Price not found
Samsung S24: Price not found
Pixel 9a: 39999
Samsung S24: 74999
Pixel 9a: 39999
Samsung S24: 74999
Pixel 9a: Price not found
Samsung S24: 74999
Pixel 9a: 39999
Samsung S24: 74999
Pixel 9a: Price not found
Samsung S24: 74999
Pixel 9a: Price not found
Samsung S24: Price not found
Pixel 9a: 39999
Samsung S24: 74999
Pixel 9a: 39999
Samsung S24: 74999
Pixel 9a: Price not found
Samsung S24: 74999
Pixel 9a: 39999
Samsung S24: 74999
Pixel 9a: Price not found
Samsung S24: Price not found
Pixel 9a: 39999
Samsung S24: 74999
Pixel 9a: 39999
Samsung S24: 42999
Pixel 9a: 39999
Samsung S24: 42999
Pixel 9a: 39999
Samsung S24: 42999
Pixel 9a: 39999
Samsung S24: 42999
Pixel 9a: 39999
Samsung S24: 42999
Pixel 9a: 39999
Samsung S24: 42999
Pixel 9a: 39999
Samsung S24: 42999
Pixel 9a: 39999
Samsung S24: 42999
Pixel 9a: 39999
Samsung S24: 42999
Pixel 9a: 39999
Samsung S24: 42999
Pixel 9a: 39999
Samsung S24: 42999
Pixel 9a: 39999
Samsung S24: 42999
Pixel 9a: 39999
Samsung S24: 42999
Pixel 9a: 39999
Samsung S24: 42999
Pixel 9a: 39999
Samsung S24: 42999
Pixel 9a: 39999
Samsung S24: 42999
Pixel 9a: 39999
Samsung S24: 42999
Pixel 9a: 39999
Samsung S24: 42999
Pixel 9a: 39999
Samsung S24: 42999
Pixel 9a: 39999
Samsung S24: 42999
Pixel 9a: 39999
Samsung S24: 42999
Pixel 9a: 39999
Traceback (most recent call last):
  File "/home/rowin/checks/price_test.py", line 122, in <module>
    main()
  File "/home/rowin/checks/price_test.py", line 96, in main
    page.goto(url)
  File "/home/rowin/checks/venv/lib/python3.12/site-packages/playwright/sync_api/_generated.py", line 9054, in goto
    self._sync(
  File "/home/rowin/checks/venv/lib/python3.12/site-packages/playwright/_impl/_sync_base.py", line 115, in _sync
    return task.result()
           ^^^^^^^^^^^^^
  File "/home/rowin/checks/venv/lib/python3.12/site-packages/playwright/_impl/_page.py", line 552, in goto
    return await self._main_frame.goto(**locals_to_params(locals()))
           ^^^^^^^^^^^^^^^^^^^^^^^^^^^^^^^^^^^^^^^^^^^^^^^^^^^^^^^^^
  File "/home/rowin/checks/venv/lib/python3.12/site-packages/playwright/_impl/_frame.py", line 153, in goto
    await self._channel.send(
  File "/home/rowin/checks/venv/lib/python3.12/site-packages/playwright/_impl/_connection.py", line 69, in send
    return await self._connection.wrap_api_call(
           ^^^^^^^^^^^^^^^^^^^^^^^^^^^^^^^^^^^^^
  File "/home/rowin/checks/venv/lib/python3.12/site-packages/playwright/_impl/_connection.py", line 559, in wrap_api_call
    raise rewrite_error(error, f"{parsed_st['apiName']}: {error}") from None
playwright._impl._errors.TimeoutError: Page.goto: Timeout 30000ms exceeded.
Call log:
  - navigating to "https://www.flipkart.com/samsung-galaxy-s24-5g-snapdragon-marble-gray-128-gb/p/itm8f6413060b707", waiting until "load"

Samsung S24: 42999
Pixel 9a: 39999
Samsung S24: Price not found
Pixel 9a: 39999
Samsung S24: 42999
Pixel 9a: Price not found
Samsung S24: 42999
Pixel 9a: 39999
Samsung S24: 42999
Pixel 9a: 39999
Samsung S24: 42999
Pixel 9a: 39999
Samsung S24: 42999
Pixel 9a: 39999
Samsung S24: 42999
Pixel 9a: 39999
Samsung S24: Price not found
Pixel 9a: 39999
Samsung S24: Price not found
Pixel 9a: 39999
Samsung S24: 42999
Pixel 9a: 39999
Samsung S24: 42999
Pixel 9a: 39999
Samsung S24: 42999
Pixel 9a: 39999
Samsung S24: 42999
Pixel 9a: 39999
Samsung S24: 42999
Pixel 9a: 39999
Samsung S24: 42999
Pixel 9a: 39999
Samsung S24: 42999
Pixel 9a: 39999
Samsung S24: 42999
Pixel 9a: 39999
Samsung S24: 42999
Pixel 9a: 39999
Samsung S24: 42999
Pixel 9a: 39999
Samsung S24: Price not found
Pixel 9a: 39999
Samsung S24: Price not found
Pixel 9a: 39999
Samsung S24: 42999
Pixel 9a: 39999
Samsung S24: 42999
Pixel 9a: 39999
Samsung S24: 42999
Pixel 9a: 39999
Samsung S24: 42999
Pixel 9a: 39999
Samsung S24: 42999
Pixel 9a: 39999
Samsung S24: 42999
Pixel 9a: 39999
Samsung S24: 42999
Pixel 9a: 39999
Samsung S24: 42999
Pixel 9a: 39999
Samsung S24: 42999
Pixel 9a: 39999
Samsung S24: 42999
Pixel 9a: 39999
Samsung S24: 42999
Pixel 9a: 39999
Samsung S24: 42999
Pixel 9a: 39999
Samsung S24: 42999
Pixel 9a: 39999
Samsung S24: Price not found
Pixel 9a: 39999
Samsung S24: 42999
Pixel 9a: 39999
Samsung S24: 42999
Pixel 9a: 39999
Samsung S24: 42999
Pixel 9a: 39999
Samsung S24: 42999
Pixel 9a: 39999
Samsung S24: 42999
Pixel 9a: 39999
Samsung S24: 42999
Pixel 9a: 39999
Samsung S24: 42999
Pixel 9a: 39999
Samsung S24: 42999
Pixel 9a: 39999
Samsung S24: 42999
Pixel 9a: 39999
Samsung S24: 42999
Pixel 9a: 39999
Samsung S24: 42999
Pixel 9a: 39999
Samsung S24: 42999
Pixel 9a: 39999
Samsung S24: 42999
Pixel 9a: 39999
Samsung S24: 42999
Pixel 9a: 39999
Samsung S24: 42999
Pixel 9a: 39999
Samsung S24: 42999
Pixel 9a: 39999
Samsung S24: 42999
Pixel 9a: 39999
Samsung S24: 74999
Pixel 9a: 39999
Samsung S24: 74999
Pixel 9a: 39999
Samsung S24: 74999
Pixel 9a: 39999
Samsung S24: 74999
Pixel 9a: 39999
Samsung S24: 74999
Pixel 9a: 39999
